<?xml version="1.0" encoding="UTF-8"?>
<testng-results skipped="0" failed="0" ignored="0" total="1" passed="1">
  <reporter-output>
  </reporter-output>
  <suite name="Default suite" duration-ms="1764" started-at="2021-08-01T11:53:17 PDT" finished-at="2021-08-01T11:53:18 PDT">
    <groups>
    </groups>
    <test name="Default test" duration-ms="1764" started-at="2021-08-01T11:53:17 PDT" finished-at="2021-08-01T11:53:18 PDT">
      <class name="com.api.getrequest.SampleGetReq">
        <test-method status="PASS" signature="sampleGetResponseBody()[pri:0, instance:com.api.getrequest.SampleGetReq@4b553d26]" name="sampleGetResponseBody" duration-ms="1724" started-at="2021-08-01T11:53:17 PDT" finished-at="2021-08-01T11:53:18 PDT">
          <reporter-output>
          </reporter-output>
        </test-method> <!-- sampleGetResponseBody -->
      </class> <!-- com.api.getrequest.SampleGetReq -->
    </test> <!-- Default test -->
  </suite> <!-- Default suite -->
</testng-results>
